<?xml version="1.0" encoding="UTF-8"?>
<!-- Generated by org.testng.reporters.JUnitXMLReporter -->
<testsuite hostname="DESKTOP-U278980" ignored="0" name="Chrometest" tests="2" failures="0" timestamp="2020-08-16T18:17:58 EDT" time="41.932" errors="0">
  <testcase name="searchCustomerbyEmail" time="13.074" classname="com.nopcommerece.testCases.TC_SearchCustomerByEmail_004"/>
  <testcase name="searchCustomerbyName" time="13.125" classname="com.nopcommerece.testCases.TC_SearchCustomerByName_005"/>
</testsuite> <!-- Chrometest -->
