<?xml version="1.0" encoding="UTF-8"?>
<!-- Generated by org.testng.reporters.JUnitXMLReporter -->
<testsuite hostname="DESKTOP-U278980" ignored="0" name="TC_AddCustomerTest_003" tests="4" failures="0" timestamp="2020-08-16T18:40:12 EDT" time="52.767" errors="0">
  <testcase name="loginTest" time="17.483" classname="com.nopcommerece.testCases.TC_LoginTest_001"/>
  <testcase name="searchCustomerbyEmail" time="26.16" classname="com.nopcommerece.testCases.TC_SearchCustomerByEmail_004"/>
  <testcase name="searchCustomerbyName" time="29.19" classname="com.nopcommerece.testCases.TC_SearchCustomerByName_005"/>
  <testcase name="addNewCustomer" time="39.985" classname="com.nopcommerece.testCases.TC_AddCustomerTest_003"/>
</testsuite> <!-- TC_AddCustomerTest_003 -->
